Notes-master/app/build/outputs/logs/manifest-merger-debug-report.txt
-- Merging decision tree log ---
manifest
ADDED from src\main\AndroidManifest.xml:18:1-150:13
INJECTED from src\main\AndroidManifest.xml:18:1-150:13
INJECTED from src\main\AndroidManifest.xml:18:1-150:13
INJECTED from src\main\AndroidManifest.xml:18:1-150:13
INJECTED from src\main\AndroidManifest.xml:18:1-150:13
INJECTED from src\main\AndroidManifest.xml:18:1-150:13
INJECTED from src\main\AndroidManifest.xml:18:1-150:13
	package
		ADDED from src\main\AndroidManifest.xml:19:5-31
		INJECTED from src\main\AndroidManifest.xml
		INJECTED from src\main\AndroidManifest.xml
	android:versionName
		ADDED from src\main\AndroidManifest.xml:21:5-30
		INJECTED from src\main\AndroidManifest.xml
		INJECTED from src\main\AndroidManifest.xml
	xmlns:android
		ADDED from src\main\AndroidManifest.xml:18:11-69
	android:versionCode
		ADDED from src\main\AndroidManifest.xml:20:5-28
		INJECTED from src\main\AndroidManifest.xml
		INJECTED from src\main\AndroidManifest.xml
uses-permission#android.permission.WRITE_EXTERNAL_STORAGE
ADDED from src\main\AndroidManifest.xml:25:6-82
	android:name
		ADDED from src\main\AndroidManifest.xml:25:23-79
uses-permission#com.android.launcher.permission.INSTALL_SHORTCUT
ADDED from src\main\AndroidManifest.xml:26:6-89
	android:name
		ADDED from src\main\AndroidManifest.xml:26:23-86
uses-permission#android.permission.INTERNET
ADDED from src\main\AndroidManifest.xml:27:6-68
	android:name
		ADDED from src\main\AndroidManifest.xml:27:23-65
uses-permission#android.permission.READ_CONTACTS
ADDED from src\main\AndroidManifest.xml:28:6-73
	android:name
		ADDED from src\main\AndroidManifest.xml:28:23-70
uses-permission#android.permission.MANAGE_ACCOUNTS
ADDED from src\main\AndroidManifest.xml:29:6-75
	android:name
		ADDED from src\main\AndroidManifest.xml:29:23-72
uses-permission#android.permission.AUTHENTICATE_ACCOUNTS
ADDED from src\main\AndroidManifest.xml:30:6-81
	android:name
		ADDED from src\main\AndroidManifest.xml:30:23-78
uses-permission#android.permission.GET_ACCOUNTS
ADDED from src\main\AndroidManifest.xml:31:6-72
	android:name
		ADDED from src\main\AndroidManifest.xml:31:23-69
uses-permission#android.permission.USE_CREDENTIALS
ADDED from src\main\AndroidManifest.xml:32:6-75
	android:name
		ADDED from src\main\AndroidManifest.xml:32:23-72
uses-permission#android.permission.RECEIVE_BOOT_COMPLETED
ADDED from src\main\AndroidManifest.xml:33:6-82
	android:name
		ADDED from src\main\AndroidManifest.xml:33:23-79
application
ADDED from src\main\AndroidManifest.xml:35:6-149:20
	android:label
		ADDED from src\main\AndroidManifest.xml:37:10-42
	android:icon
		ADDED from src\main\AndroidManifest.xml:36:10-43
activity#net.micode.notes.ui.NotesListActivity
ADDED from src\main\AndroidManifest.xml:38:10-51:21
	android:label
		ADDED from src\main\AndroidManifest.xml:41:14-46
	android:launchMode
		ADDED from src\main\AndroidManifest.xml:42:14-44
	android:windowSoftInputMode
		ADDED from src\main\AndroidManifest.xml:45:14-53
	android:uiOptions
		ADDED from src\main\AndroidManifest.xml:44:14-58
	android:configChanges
		ADDED from src\main\AndroidManifest.xml:40:14-75
	android:theme
		ADDED from src\main\AndroidManifest.xml:43:14-46
	android:name
		ADDED from src\main\AndroidManifest.xml:39:14-50
intent-filter#action:name:android.intent.action.MAIN+category:name:android.intent.category.LAUNCHER
ADDED from src\main\AndroidManifest.xml:47:14-50:30
action#android.intent.action.MAIN
ADDED from src\main\AndroidManifest.xml:48:18-70
	android:name
		ADDED from src\main\AndroidManifest.xml:48:26-67
category#android.intent.category.LAUNCHER
ADDED from src\main\AndroidManifest.xml:49:18-78
	android:name
		ADDED from src\main\AndroidManifest.xml:49:28-75
activity#net.micode.notes.ui.NoteEditActivity
ADDED from src\main\AndroidManifest.xml:53:10-81:21
	android:launchMode
		ADDED from src\main\AndroidManifest.xml:56:14-44
	android:configChanges
		ADDED from src\main\AndroidManifest.xml:55:14-75
	android:theme
		ADDED from src\main\AndroidManifest.xml:57:14-46
	android:name
		ADDED from src\main\AndroidManifest.xml:54:14-49
intent-filter#action:name:android.intent.action.VIEW+category:name:android.intent.category.DEFAULT+data:mimeType:vnd.android.cursor.item/call_note+data:mimeType:vnd.android.cursor.item/text_note
ADDED from src\main\AndroidManifest.xml:59:14-64:30
action#android.intent.action.VIEW
ADDED from src\main\AndroidManifest.xml:60:18-70
	android:name
		ADDED from src\main\AndroidManifest.xml:60:26-67
category#android.intent.category.DEFAULT
ADDED from src\main\AndroidManifest.xml:61:18-77
	android:name
		ADDED from src\main\AndroidManifest.xml:61:28-74
data
ADDED from src\main\AndroidManifest.xml:62:18-79
	android:mimeType
		ADDED from src\main\AndroidManifest.xml:62:24-76
intent-filter#action:name:android.intent.action.INSERT_OR_EDIT+category:name:android.intent.category.DEFAULT+data:mimeType:vnd.android.cursor.item/call_note+data:mimeType:vnd.android.cursor.item/text_note
ADDED from src\main\AndroidManifest.xml:66:14-71:30
action#android.intent.action.INSERT_OR_EDIT
ADDED from src\main\AndroidManifest.xml:67:18-80
	android:name
		ADDED from src\main\AndroidManifest.xml:67:26-77
intent-filter#action:name:android.intent.action.SEARCH+category:name:android.intent.category.DEFAULT
ADDED from src\main\AndroidManifest.xml:73:14-76:30
action#android.intent.action.SEARCH
ADDED from src\main\AndroidManifest.xml:74:18-72
	android:name
		ADDED from src\main\AndroidManifest.xml:74:26-69
meta-data#android.app.searchable
ADDED from src\main\AndroidManifest.xml:78:14-80:55
	android:resource
		ADDED from src\main\AndroidManifest.xml:80:18-52
	android:name
		ADDED from src\main\AndroidManifest.xml:79:18-55
provider#net.micode.notes.data.NotesProvider
ADDED from src\main\AndroidManifest.xml:83:10-86:44
	android:authorities
		ADDED from src\main\AndroidManifest.xml:85:14-48
	android:multiprocess
		ADDED from src\main\AndroidManifest.xml:86:14-41
	android:name
		ADDED from src\main\AndroidManifest.xml:84:14-64
receiver#net.micode.notes.widget.NoteWidgetProvider_2x
ADDED from src\main\AndroidManifest.xml:88:10-100:21
	android:label
		ADDED from src\main\AndroidManifest.xml:90:14-51
	android:name
		ADDED from src\main\AndroidManifest.xml:89:14-58
intent-filter#action:name:android.appwidget.action.APPWIDGET_DELETED+action:name:android.appwidget.action.APPWIDGET_UPDATE+action:name:android.intent.action.PRIVACY_MODE_CHANGED
ADDED from src\main\AndroidManifest.xml:91:14-95:30
action#android.appwidget.action.APPWIDGET_UPDATE
ADDED from src\main\AndroidManifest.xml:92:18-85
	android:name
		ADDED from src\main\AndroidManifest.xml:92:26-82
action#android.appwidget.action.APPWIDGET_DELETED
ADDED from src\main\AndroidManifest.xml:93:18-86
	android:name
		ADDED from src\main\AndroidManifest.xml:93:26-83
action#android.intent.action.PRIVACY_MODE_CHANGED
ADDED from src\main\AndroidManifest.xml:94:18-86
	android:name
		ADDED from src\main\AndroidManifest.xml:94:26-83
meta-data#android.appwidget.provider
ADDED from src\main\AndroidManifest.xml:97:14-99:59
	android:resource
		ADDED from src\main\AndroidManifest.xml:99:18-56
	android:name
		ADDED from src\main\AndroidManifest.xml:98:18-59
receiver#net.micode.notes.widget.NoteWidgetProvider_4x
ADDED from src\main\AndroidManifest.xml:101:10-114:21
	android:label
		ADDED from src\main\AndroidManifest.xml:103:14-51
	android:name
		ADDED from src\main\AndroidManifest.xml:102:14-58
receiver#net.micode.notes.ui.AlarmInitReceiver
ADDED from src\main\AndroidManifest.xml:116:10-120:21
	android:name
		ADDED from src\main\AndroidManifest.xml:116:20-56
intent-filter#action:name:android.intent.action.BOOT_COMPLETED
ADDED from src\main\AndroidManifest.xml:117:14-119:30
action#android.intent.action.BOOT_COMPLETED
ADDED from src\main\AndroidManifest.xml:118:18-80
	android:name
		ADDED from src\main\AndroidManifest.xml:118:26-77
receiver#net.micode.notes.ui.AlarmReceiver
ADDED from src\main\AndroidManifest.xml:122:10-125:21
	android:process
		ADDED from src\main\AndroidManifest.xml:124:14-39
	android:name
		ADDED from src\main\AndroidManifest.xml:123:14-62
activity#net.micode.notes.ui.AlarmAlertActivity
ADDED from src\main\AndroidManifest.xml:127:10-132:21
	android:label
		ADDED from src\main\AndroidManifest.xml:129:14-46
	android:launchMode
		ADDED from src\main\AndroidManifest.xml:130:14-49
	android:theme
		ADDED from src\main\AndroidManifest.xml:131:14-76
	android:name
		ADDED from src\main\AndroidManifest.xml:128:14-51
activity#net.micode.notes.ui.NotesPreferenceActivity
ADDED from src\main\AndroidManifest.xml:134:10-139:21
	android:label
		ADDED from src\main\AndroidManifest.xml:136:14-55
	android:launchMode
		ADDED from src\main\AndroidManifest.xml:137:14-44
	android:theme
		ADDED from src\main\AndroidManifest.xml:138:14-61
	android:name
		ADDED from src\main\AndroidManifest.xml:135:14-72
service#net.micode.notes.gtask.remote.GTaskSyncService
ADDED from src\main\AndroidManifest.xml:141:10-144:20
	android:exported
		ADDED from src\main\AndroidManifest.xml:143:14-38
	android:name
		ADDED from src\main\AndroidManifest.xml:142:14-75
meta-data#android.app.default_searchable
ADDED from src\main\AndroidManifest.xml:146:10-148:53
	android:value
		ADDED from src\main\AndroidManifest.xml:148:14-50
	android:name
		ADDED from src\main\AndroidManifest.xml:147:14-59
uses-sdk
INJECTED from src\main\AndroidManifest.xml reason: use-sdk injection requested
INJECTED from src\main\AndroidManifest.xml
INJECTED from src\main\AndroidManifest.xml
INJECTED from src\main\AndroidManifest.xml
INJECTED from src\main\AndroidManifest.xml
	android:targetSdkVersion
		INJECTED from src\main\AndroidManifest.xml
		ADDED from src\main\AndroidManifest.xml
		INJECTED from src\main\AndroidManifest.xml
	android:minSdkVersion
		INJECTED from src\main\AndroidManifest.xml
		ADDED from src\main\AndroidManifest.xml
		INJECTED from src\main\AndroidManifest.xml